Change Component Footprint: Designator=XP1 Old Footprint=CON: CWF-2 New Footprint=CON: DG350-3.5-02P
Change Component Footprint: Designator=XP2 Old Footprint=CON: CWF-2 New Footprint=CON: DG350-3.5-02P
Change Component Comment : Designator=XP1 Old Comment=Connector, 2pin, 2.54mm, 250VAC, 3A New Comment=Terminal connector, 2pin, 3.5mm, 300VAC, 10A
Change Component Comment : Designator=XP2 Old Comment=Connector, 2pin, 2.54mm, 250VAC, 3A New Comment=Terminal connector, 2pin, 3.5mm, 300VAC, 10A
Change component parameters: Designator = "XP1" ("XP1"); Footprint = "CON: CWF-2"; UniqueID = "\PBVBWHBL" ("\PBVBWHBL")
Change component parameters (AddParameter): Name = "CommentText"; Value = ""׀אחתול""; VariantName = "[No Variations]"
Change component parameters (AddParameter): Name = "CurrentMax"; Value = "10A"; VariantName = "[No Variations]"
Change component parameters (AddParameter): Name = "HelpURL"; Value = "https://www.chipdip.ru/product/dg350-3.5-02p-12"; VariantName = "[No Variations]"
Change component parameters (AddParameter): Name = "Manufacturer"; Value = "Degson"; VariantName = "[No Variations]"
Change component parameters (AddParameter): Name = "Multichannel"; Value = "2pin"; VariantName = "[No Variations]"
Change component parameters (AddParameter): Name = "PartNumber"; Value = "DG350-3.5-02P-14"; VariantName = "[No Variations]"
Change component parameters (AddParameter): Name = "Pitch"; Value = "3.5mm"; VariantName = "[No Variations]"
Change component parameters (AddParameter): Name = "TypeConnector"; Value = "Terminal connector"; VariantName = "[No Variations]"
Change component parameters (AddParameter): Name = "ValueManufacturerPartNumber"; Value = "Terminal connector, 2pin, 3.5mm, 300VAC, 10A"; VariantName = "[No Variations]"
Change component parameters (AddParameter): Name = "VoltageMax"; Value = "300VAC"; VariantName = "[No Variations]"
Change component parameters: Designator = "XP2" ("XP2"); Footprint = "CON: CWF-2"; UniqueID = "\UZHHJVDN" ("\UZHHJVDN")
Change component parameters (AddParameter): Name = "CommentText"; Value = ""׀אחתול""; VariantName = "[No Variations]"
Change component parameters (AddParameter): Name = "CurrentMax"; Value = "10A"; VariantName = "[No Variations]"
Change component parameters (AddParameter): Name = "HelpURL"; Value = "https://www.chipdip.ru/product/dg350-3.5-02p-12"; VariantName = "[No Variations]"
Change component parameters (AddParameter): Name = "Manufacturer"; Value = "Degson"; VariantName = "[No Variations]"
Change component parameters (AddParameter): Name = "Multichannel"; Value = "2pin"; VariantName = "[No Variations]"
Change component parameters (AddParameter): Name = "PartNumber"; Value = "DG350-3.5-02P-14"; VariantName = "[No Variations]"
Change component parameters (AddParameter): Name = "Pitch"; Value = "3.5mm"; VariantName = "[No Variations]"
Change component parameters (AddParameter): Name = "TypeConnector"; Value = "Terminal connector"; VariantName = "[No Variations]"
Change component parameters (AddParameter): Name = "ValueManufacturerPartNumber"; Value = "Terminal connector, 2pin, 3.5mm, 300VAC, 10A"; VariantName = "[No Variations]"
Change component parameters (AddParameter): Name = "VoltageMax"; Value = "300VAC"; VariantName = "[No Variations]"
